<testsuites id="" name="" tests="72" failures="0" skipped="0" errors="0" time="32.711882">
<testsuite name="saucedemo/products.spec.ts" timestamp="2026-06-22T05:48:22.635Z" hostname="saucedemo-chromium" tests="24" failures="0" skipped="0" time="24.68" errors="0">
<testcase name="Saucedemo Products Tests › Product Display Verification › should display all products" classname="saucedemo/products.spec.ts" time="1.164">
</testcase>
<testcase name="Saucedemo Products Tests › Product Display Verification › should have correct product count" classname="saucedemo/products.spec.ts" time="1.183">
</testcase>
<testcase name="Saucedemo Products Tests › Product Display Verification › should display page title" classname="saucedemo/products.spec.ts" time="1.161">
</testcase>
<testcase name="Saucedemo Products Tests › Product Display Verification › should have visible product container" classname="saucedemo/products.spec.ts" time="1.172">
</testcase>
<testcase name="Saucedemo Products Tests › Product Display Verification › should display all product names" classname="saucedemo/products.spec.ts" time="0.706">
</testcase>
<testcase name="Saucedemo Products Tests › Product Display Verification › should display all product prices" classname="saucedemo/products.spec.ts" time="0.684">
</testcase>
<testcase name="Saucedemo Products Tests › Sorting Functionality › should have default sort as A to Z" classname="saucedemo/products.spec.ts" time="0.671">
</testcase>
<testcase name="Saucedemo Products Tests › Sorting Functionality › should sort products from A to Z" classname="saucedemo/products.spec.ts" time="2.236">
</testcase>
<testcase name="Saucedemo Products Tests › Sorting Functionality › should sort products from Z to A" classname="saucedemo/products.spec.ts" time="2.205">
</testcase>
<testcase name="Saucedemo Products Tests › Sorting Functionality › should sort price from low to high" classname="saucedemo/products.spec.ts" time="2.037">
</testcase>
<testcase name="Saucedemo Products Tests › Sorting Functionality › should sort price from high to low" classname="saucedemo/products.spec.ts" time="2.183">
</testcase>
<testcase name="Saucedemo Products Tests › Add to Cart Operations › should add single item to cart" classname="saucedemo/products.spec.ts" time="0.487">
</testcase>
<testcase name="Saucedemo Products Tests › Add to Cart Operations › should add multiple items to cart" classname="saucedemo/products.spec.ts" time="0.728">
</testcase>
<testcase name="Saucedemo Products Tests › Add to Cart Operations › should add item to cart by index" classname="saucedemo/products.spec.ts" time="0.68">
</testcase>
<testcase name="Saucedemo Products Tests › Add to Cart Operations › should change button to Remove after adding item" classname="saucedemo/products.spec.ts" time="0.629">
</testcase>
<testcase name="Saucedemo Products Tests › Add to Cart Operations › should update cart badge when item is added to cart" classname="saucedemo/products.spec.ts" time="0.649">
</testcase>
<testcase name="Saucedemo Products Tests › Remove from Cart operations › should remove single product from cart" classname="saucedemo/products.spec.ts" time="0.681">
</testcase>
<testcase name="Saucedemo Products Tests › Remove from Cart operations › should decrement cart badge when removing" classname="saucedemo/products.spec.ts" time="0.701">
</testcase>
<testcase name="Saucedemo Products Tests › Product Navigation › should navigate to product detail" classname="saucedemo/products.spec.ts" time="0.59">
</testcase>
<testcase name="Saucedemo Products Tests › Product Navigation › should navigate to cart" classname="saucedemo/products.spec.ts" time="0.576">
</testcase>
<testcase name="Saucedemo Products Tests › Get Product Information › should display product names correctly" classname="saucedemo/products.spec.ts" time="0.702">
</testcase>
<testcase name="Saucedemo Products Tests › Get Product Information › should display product prices correctly" classname="saucedemo/products.spec.ts" time="0.633">
</testcase>
<testcase name="Saucedemo Products Tests › Get Product Information › should have correct product details" classname="saucedemo/products.spec.ts" time="0.693">
</testcase>
<testcase name="Saucedemo Products Tests › User Menu › should logout successsfully" classname="saucedemo/products.spec.ts" time="1.529">
</testcase>
</testsuite>
<testsuite name="saucedemo/products.spec.ts" timestamp="2026-06-22T05:48:22.635Z" hostname="firefox" tests="24" failures="0" skipped="0" time="32.461" errors="0">
<testcase name="Saucedemo Products Tests › Product Display Verification › should display all products" classname="saucedemo/products.spec.ts" time="1.541">
</testcase>
<testcase name="Saucedemo Products Tests › Product Display Verification › should have correct product count" classname="saucedemo/products.spec.ts" time="1.983">
</testcase>
<testcase name="Saucedemo Products Tests › Product Display Verification › should display page title" classname="saucedemo/products.spec.ts" time="1.598">
</testcase>
<testcase name="Saucedemo Products Tests › Product Display Verification › should have visible product container" classname="saucedemo/products.spec.ts" time="2.103">
</testcase>
<testcase name="Saucedemo Products Tests › Product Display Verification › should display all product names" classname="saucedemo/products.spec.ts" time="1.056">
</testcase>
<testcase name="Saucedemo Products Tests › Product Display Verification › should display all product prices" classname="saucedemo/products.spec.ts" time="0.866">
</testcase>
<testcase name="Saucedemo Products Tests › Sorting Functionality › should have default sort as A to Z" classname="saucedemo/products.spec.ts" time="0.99">
</testcase>
<testcase name="Saucedemo Products Tests › Sorting Functionality › should sort products from A to Z" classname="saucedemo/products.spec.ts" time="2.37">
</testcase>
<testcase name="Saucedemo Products Tests › Sorting Functionality › should sort products from Z to A" classname="saucedemo/products.spec.ts" time="2.508">
</testcase>
<testcase name="Saucedemo Products Tests › Sorting Functionality › should sort price from low to high" classname="saucedemo/products.spec.ts" time="2.481">
</testcase>
<testcase name="Saucedemo Products Tests › Sorting Functionality › should sort price from high to low" classname="saucedemo/products.spec.ts" time="2.152">
</testcase>
<testcase name="Saucedemo Products Tests › Add to Cart Operations › should add single item to cart" classname="saucedemo/products.spec.ts" time="0.757">
</testcase>
<testcase name="Saucedemo Products Tests › Add to Cart Operations › should add multiple items to cart" classname="saucedemo/products.spec.ts" time="0.809">
</testcase>
<testcase name="Saucedemo Products Tests › Add to Cart Operations › should add item to cart by index" classname="saucedemo/products.spec.ts" time="0.981">
</testcase>
<testcase name="Saucedemo Products Tests › Add to Cart Operations › should change button to Remove after adding item" classname="saucedemo/products.spec.ts" time="0.905">
</testcase>
<testcase name="Saucedemo Products Tests › Add to Cart Operations › should update cart badge when item is added to cart" classname="saucedemo/products.spec.ts" time="0.886">
</testcase>
<testcase name="Saucedemo Products Tests › Remove from Cart operations › should remove single product from cart" classname="saucedemo/products.spec.ts" time="1.127">
</testcase>
<testcase name="Saucedemo Products Tests › Remove from Cart operations › should decrement cart badge when removing" classname="saucedemo/products.spec.ts" time="1.069">
</testcase>
<testcase name="Saucedemo Products Tests › Product Navigation › should navigate to product detail" classname="saucedemo/products.spec.ts" time="0.883">
</testcase>
<testcase name="Saucedemo Products Tests › Product Navigation › should navigate to cart" classname="saucedemo/products.spec.ts" time="0.892">
</testcase>
<testcase name="Saucedemo Products Tests › Get Product Information › should display product names correctly" classname="saucedemo/products.spec.ts" time="0.758">
</testcase>
<testcase name="Saucedemo Products Tests › Get Product Information › should display product prices correctly" classname="saucedemo/products.spec.ts" time="0.923">
</testcase>
<testcase name="Saucedemo Products Tests › Get Product Information › should have correct product details" classname="saucedemo/products.spec.ts" time="0.95">
</testcase>
<testcase name="Saucedemo Products Tests › User Menu › should logout successsfully" classname="saucedemo/products.spec.ts" time="1.873">
</testcase>
</testsuite>
<testsuite name="saucedemo/products.spec.ts" timestamp="2026-06-22T05:48:22.635Z" hostname="webkit" tests="24" failures="0" skipped="0" time="37.62" errors="0">
<testcase name="Saucedemo Products Tests › Product Display Verification › should display all products" classname="saucedemo/products.spec.ts" time="2.899">
</testcase>
<testcase name="Saucedemo Products Tests › Product Display Verification › should have correct product count" classname="saucedemo/products.spec.ts" time="2.424">
</testcase>
<testcase name="Saucedemo Products Tests › Product Display Verification › should display page title" classname="saucedemo/products.spec.ts" time="3.253">
</testcase>
<testcase name="Saucedemo Products Tests › Product Display Verification › should have visible product container" classname="saucedemo/products.spec.ts" time="1.622">
</testcase>
<testcase name="Saucedemo Products Tests › Product Display Verification › should display all product names" classname="saucedemo/products.spec.ts" time="1.059">
</testcase>
<testcase name="Saucedemo Products Tests › Product Display Verification › should display all product prices" classname="saucedemo/products.spec.ts" time="1.011">
</testcase>
<testcase name="Saucedemo Products Tests › Sorting Functionality › should have default sort as A to Z" classname="saucedemo/products.spec.ts" time="0.943">
</testcase>
<testcase name="Saucedemo Products Tests › Sorting Functionality › should sort products from A to Z" classname="saucedemo/products.spec.ts" time="2.37">
</testcase>
<testcase name="Saucedemo Products Tests › Sorting Functionality › should sort products from Z to A" classname="saucedemo/products.spec.ts" time="2.28">
</testcase>
<testcase name="Saucedemo Products Tests › Sorting Functionality › should sort price from low to high" classname="saucedemo/products.spec.ts" time="2.509">
</testcase>
<testcase name="Saucedemo Products Tests › Sorting Functionality › should sort price from high to low" classname="saucedemo/products.spec.ts" time="2.396">
</testcase>
<testcase name="Saucedemo Products Tests › Add to Cart Operations › should add single item to cart" classname="saucedemo/products.spec.ts" time="0.889">
</testcase>
<testcase name="Saucedemo Products Tests › Add to Cart Operations › should add multiple items to cart" classname="saucedemo/products.spec.ts" time="0.983">
</testcase>
<testcase name="Saucedemo Products Tests › Add to Cart Operations › should add item to cart by index" classname="saucedemo/products.spec.ts" time="1.144">
</testcase>
<testcase name="Saucedemo Products Tests › Add to Cart Operations › should change button to Remove after adding item" classname="saucedemo/products.spec.ts" time="1.129">
</testcase>
<testcase name="Saucedemo Products Tests › Add to Cart Operations › should update cart badge when item is added to cart" classname="saucedemo/products.spec.ts" time="1.205">
</testcase>
<testcase name="Saucedemo Products Tests › Remove from Cart operations › should remove single product from cart" classname="saucedemo/products.spec.ts" time="1.134">
</testcase>
<testcase name="Saucedemo Products Tests › Remove from Cart operations › should decrement cart badge when removing" classname="saucedemo/products.spec.ts" time="1.416">
</testcase>
<testcase name="Saucedemo Products Tests › Product Navigation › should navigate to product detail" classname="saucedemo/products.spec.ts" time="1.268">
</testcase>
<testcase name="Saucedemo Products Tests › Product Navigation › should navigate to cart" classname="saucedemo/products.spec.ts" time="1.202">
</testcase>
<testcase name="Saucedemo Products Tests › Get Product Information › should display product names correctly" classname="saucedemo/products.spec.ts" time="1.119">
</testcase>
<testcase name="Saucedemo Products Tests › Get Product Information › should display product prices correctly" classname="saucedemo/products.spec.ts" time="0.846">
</testcase>
<testcase name="Saucedemo Products Tests › Get Product Information › should have correct product details" classname="saucedemo/products.spec.ts" time="0.887">
</testcase>
<testcase name="Saucedemo Products Tests › User Menu › should logout successsfully" classname="saucedemo/products.spec.ts" time="1.632">
</testcase>
</testsuite>
</testsuites>